2025-11-18T16:47:15.133-05:00  INFO 10776 --- [UserProfileAPI] [restartedMain] c.e.U.UserProfileApiApplication          : Starting UserProfileApiApplication using Java 24.0.1 with PID 10776 (C:\Users\malli\Downloads\UserProfileAPI\demo\target\classes started by malli in C:\Users\malli\Downloads\UserProfileAPI)
2025-11-18T16:47:15.156-05:00  INFO 10776 --- [UserProfileAPI] [restartedMain] c.e.U.UserProfileApiApplication          : No active profile set, falling back to 1 default profile: "default"
2025-11-18T16:47:15.327-05:00  INFO 10776 --- [UserProfileAPI] [restartedMain] .e.DevToolsPropertyDefaultsPostProcessor : Devtools property defaults active! Set 'spring.devtools.add-properties' to 'false' to disable
2025-11-18T16:47:15.328-05:00  INFO 10776 --- [UserProfileAPI] [restartedMain] .e.DevToolsPropertyDefaultsPostProcessor : For additional web related logging consider setting the 'logging.level.web' property to 'DEBUG'
2025-11-18T16:47:19.181-05:00  INFO 10776 --- [UserProfileAPI] [restartedMain] .s.d.r.c.RepositoryConfigurationDelegate : Bootstrapping Spring Data JPA repositories in DEFAULT mode.
2025-11-18T16:47:19.399-05:00  INFO 10776 --- [UserProfileAPI] [restartedMain] .s.d.r.c.RepositoryConfigurationDelegate : Finished Spring Data repository scanning in 181 ms. Found 1 JPA repository interface.
2025-11-18T16:47:21.364-05:00  INFO 10776 --- [UserProfileAPI] [restartedMain] o.s.b.w.embedded.tomcat.TomcatWebServer  : Tomcat initialized with port 8989 (http)
2025-11-18T16:47:21.428-05:00  INFO 10776 --- [UserProfileAPI] [restartedMain] o.apache.catalina.core.StandardService   : Starting service [Tomcat]
2025-11-18T16:47:21.429-05:00  INFO 10776 --- [UserProfileAPI] [restartedMain] o.apache.catalina.core.StandardEngine    : Starting Servlet engine: [Apache Tomcat/10.1.48]
2025-11-18T16:47:21.615-05:00  INFO 10776 --- [UserProfileAPI] [restartedMain] o.a.c.c.C.[Tomcat].[localhost].[/]       : Initializing Spring embedded WebApplicationContext
2025-11-18T16:47:21.616-05:00  INFO 10776 --- [UserProfileAPI] [restartedMain] w.s.c.ServletWebServerApplicationContext : Root WebApplicationContext: initialization completed in 6286 ms
2025-11-18T16:47:22.648-05:00  INFO 10776 --- [UserProfileAPI] [restartedMain] o.hibernate.jpa.internal.util.LogHelper  : HHH000204: Processing PersistenceUnitInfo [name: default]
2025-11-18T16:47:22.862-05:00  INFO 10776 --- [UserProfileAPI] [restartedMain] org.hibernate.Version                    : HHH000412: Hibernate ORM core version 6.6.33.Final
2025-11-18T16:47:23.004-05:00  INFO 10776 --- [UserProfileAPI] [restartedMain] o.h.c.internal.RegionFactoryInitiator    : HHH000026: Second-level cache disabled
2025-11-18T16:47:24.042-05:00  INFO 10776 --- [UserProfileAPI] [restartedMain] o.s.o.j.p.SpringPersistenceUnitInfo      : No LoadTimeWeaver setup: ignoring JPA class transformer
2025-11-18T16:47:24.132-05:00  INFO 10776 --- [UserProfileAPI] [restartedMain] com.zaxxer.hikari.HikariDataSource       : HikariPool-1 - Starting...
2025-11-18T16:47:24.603-05:00  INFO 10776 --- [UserProfileAPI] [restartedMain] com.zaxxer.hikari.pool.HikariPool        : HikariPool-1 - Added connection com.mysql.cj.jdbc.ConnectionImpl@7bd4b459
2025-11-18T16:47:24.607-05:00  INFO 10776 --- [UserProfileAPI] [restartedMain] com.zaxxer.hikari.HikariDataSource       : HikariPool-1 - Start completed.
2025-11-18T16:47:24.740-05:00  WARN 10776 --- [UserProfileAPI] [restartedMain] org.hibernate.orm.deprecation            : HHH90000025: MySQLDialect does not need to be specified explicitly using 'hibernate.dialect' (remove the property setting and it will be selected by default)
2025-11-18T16:47:24.793-05:00  INFO 10776 --- [UserProfileAPI] [restartedMain] org.hibernate.orm.connections.pooling    : HHH10001005: Database info:
	Database JDBC URL [Connecting through datasource 'HikariDataSource (HikariPool-1)']
	Database driver: undefined/unknown
	Database version: 8.0.34
	Autocommit mode: undefined/unknown
	Isolation level: undefined/unknown
	Minimum pool size: undefined/unknown
	Maximum pool size: undefined/unknown
2025-11-18T16:47:26.769-05:00  INFO 10776 --- [UserProfileAPI] [restartedMain] o.h.e.t.j.p.i.JtaPlatformInitiator       : HHH000489: No JTA platform available (set 'hibernate.transaction.jta.platform' to enable JTA platform integration)
2025-11-18T16:47:26.927-05:00  INFO 10776 --- [UserProfileAPI] [restartedMain] j.LocalContainerEntityManagerFactoryBean : Initialized JPA EntityManagerFactory for persistence unit 'default'
2025-11-18T16:47:28.604-05:00  WARN 10776 --- [UserProfileAPI] [restartedMain] JpaBaseConfiguration$JpaWebConfiguration : spring.jpa.open-in-view is enabled by default. Therefore, database queries may be performed during view rendering. Explicitly configure spring.jpa.open-in-view to disable this warning
2025-11-18T16:47:30.511-05:00 DEBUG 10776 --- [UserProfileAPI] [restartedMain] swordEncoderAuthenticationManagerBuilder : No authenticationProviders and no parentAuthenticationManager defined. Returning null.
2025-11-18T16:47:30.830-05:00  INFO 10776 --- [UserProfileAPI] [restartedMain] o.s.b.a.e.web.EndpointLinksResolver      : Exposing 1 endpoint beneath base path '/actuator'
2025-11-18T16:47:30.867-05:00 DEBUG 10776 --- [UserProfileAPI] [restartedMain] o.s.s.web.DefaultSecurityFilterChain     : Will secure any request with filters: DisableEncodeUrlFilter, WebAsyncManagerIntegrationFilter, SecurityContextHolderFilter, HeaderWriterFilter, CorsFilter, CsrfFilter, LogoutFilter, UsernamePasswordAuthenticationFilter, DefaultResourcesFilter, DefaultLoginPageGeneratingFilter, DefaultLogoutPageGeneratingFilter, BasicAuthenticationFilter, RequestCacheAwareFilter, SecurityContextHolderAwareRequestFilter, AnonymousAuthenticationFilter, ExceptionTranslationFilter, AuthorizationFilter
2025-11-18T16:47:31.041-05:00  INFO 10776 --- [UserProfileAPI] [restartedMain] o.s.b.d.a.OptionalLiveReloadServer       : LiveReload server is running on port 35729
2025-11-18T16:47:31.251-05:00  INFO 10776 --- [UserProfileAPI] [restartedMain] o.s.b.w.embedded.tomcat.TomcatWebServer  : Tomcat started on port 8989 (http) with context path '/'
2025-11-18T16:47:31.287-05:00  INFO 10776 --- [UserProfileAPI] [restartedMain] c.e.U.UserProfileApiApplication          : Started UserProfileApiApplication in 17.576 seconds (process running for 19.529)
2025-11-18T16:47:31.550-05:00  WARN 10776 --- [UserProfileAPI] [restartedMain] o.s.core.events.SpringDocAppInitializer  : SpringDoc /v3/api-docs endpoint is enabled by default. To disable it in production, set the property 'springdoc.api-docs.enabled=false'
2025-11-18T16:47:31.551-05:00  WARN 10776 --- [UserProfileAPI] [restartedMain] o.s.core.events.SpringDocAppInitializer  : SpringDoc /swagger-ui.html endpoint is enabled by default. To disable it in production, set the property 'springdoc.swagger-ui.enabled=false'
2025-11-18T16:48:01.410-05:00  INFO 10776 --- [UserProfileAPI] [http-nio-8989-exec-1] o.a.c.c.C.[Tomcat].[localhost].[/]       : Initializing Spring DispatcherServlet 'dispatcherServlet'
2025-11-18T16:48:01.411-05:00  INFO 10776 --- [UserProfileAPI] [http-nio-8989-exec-1] o.s.web.servlet.DispatcherServlet        : Initializing Servlet 'dispatcherServlet'
2025-11-18T16:48:01.414-05:00  INFO 10776 --- [UserProfileAPI] [http-nio-8989-exec-1] o.s.web.servlet.DispatcherServlet        : Completed initialization in 2 ms
2025-11-18T16:48:01.508-05:00 DEBUG 10776 --- [UserProfileAPI] [http-nio-8989-exec-1] o.s.security.web.FilterChainProxy        : Securing GET /swagger-ui.html
2025-11-18T16:48:01.585-05:00 DEBUG 10776 --- [UserProfileAPI] [http-nio-8989-exec-1] o.s.s.w.a.AnonymousAuthenticationFilter  : Set SecurityContextHolder to anonymous SecurityContext
2025-11-18T16:48:01.680-05:00 DEBUG 10776 --- [UserProfileAPI] [http-nio-8989-exec-1] o.s.s.w.s.HttpSessionRequestCache        : Saved request http://localhost:8989/swagger-ui.html?continue to session
2025-11-18T16:48:01.687-05:00 DEBUG 10776 --- [UserProfileAPI] [http-nio-8989-exec-1] s.w.a.DelegatingAuthenticationEntryPoint : Trying to match using And [Not [RequestHeaderRequestMatcher [expectedHeaderName=X-Requested-With, expectedHeaderValue=XMLHttpRequest]], MediaTypeRequestMatcher [contentNegotiationStrategy=org.springframework.web.accept.ContentNegotiationManager@7113d949, matchingMediaTypes=[application/xhtml+xml, image/*, text/html, text/plain], useEquals=false, ignoredMediaTypes=[*/*]]]
2025-11-18T16:48:01.691-05:00 DEBUG 10776 --- [UserProfileAPI] [http-nio-8989-exec-1] s.w.a.DelegatingAuthenticationEntryPoint : Match found! Executing org.springframework.security.web.authentication.LoginUrlAuthenticationEntryPoint@42ae82db
2025-11-18T16:48:01.693-05:00 DEBUG 10776 --- [UserProfileAPI] [http-nio-8989-exec-1] o.s.s.web.DefaultRedirectStrategy        : Redirecting to http://localhost:8989/login
2025-11-18T16:48:01.726-05:00 DEBUG 10776 --- [UserProfileAPI] [http-nio-8989-exec-2] o.s.security.web.FilterChainProxy        : Securing GET /login
2025-11-18T16:48:01.857-05:00 DEBUG 10776 --- [UserProfileAPI] [http-nio-8989-exec-7] o.s.security.web.FilterChainProxy        : Securing GET /default-ui.css
2025-11-18T16:48:01.958-05:00 DEBUG 10776 --- [UserProfileAPI] [http-nio-8989-exec-10] o.s.security.web.FilterChainProxy        : Securing GET /favicon.ico
2025-11-18T16:48:01.963-05:00 DEBUG 10776 --- [UserProfileAPI] [http-nio-8989-exec-10] o.s.s.w.a.AnonymousAuthenticationFilter  : Set SecurityContextHolder to anonymous SecurityContext
2025-11-18T16:48:01.965-05:00 DEBUG 10776 --- [UserProfileAPI] [http-nio-8989-exec-10] s.w.a.DelegatingAuthenticationEntryPoint : Trying to match using And [Not [RequestHeaderRequestMatcher [expectedHeaderName=X-Requested-With, expectedHeaderValue=XMLHttpRequest]], MediaTypeRequestMatcher [contentNegotiationStrategy=org.springframework.web.accept.ContentNegotiationManager@7113d949, matchingMediaTypes=[application/xhtml+xml, image/*, text/html, text/plain], useEquals=false, ignoredMediaTypes=[*/*]]]
2025-11-18T16:48:01.966-05:00 DEBUG 10776 --- [UserProfileAPI] [http-nio-8989-exec-10] s.w.a.DelegatingAuthenticationEntryPoint : Match found! Executing org.springframework.security.web.authentication.LoginUrlAuthenticationEntryPoint@42ae82db
2025-11-18T16:48:01.967-05:00 DEBUG 10776 --- [UserProfileAPI] [http-nio-8989-exec-10] o.s.s.web.DefaultRedirectStrategy        : Redirecting to http://localhost:8989/login
2025-11-18T16:48:01.980-05:00 DEBUG 10776 --- [UserProfileAPI] [http-nio-8989-exec-5] o.s.security.web.FilterChainProxy        : Securing GET /login
2025-11-18T16:48:07.323-05:00 DEBUG 10776 --- [UserProfileAPI] [http-nio-8989-exec-6] o.s.security.web.FilterChainProxy        : Securing GET /swagger-ui.html
2025-11-18T16:48:07.327-05:00 DEBUG 10776 --- [UserProfileAPI] [http-nio-8989-exec-6] o.s.s.w.a.AnonymousAuthenticationFilter  : Set SecurityContextHolder to anonymous SecurityContext
2025-11-18T16:48:07.337-05:00 DEBUG 10776 --- [UserProfileAPI] [http-nio-8989-exec-6] o.s.s.w.s.HttpSessionRequestCache        : Saved request http://localhost:8989/swagger-ui.html?continue to session
2025-11-18T16:48:07.338-05:00 DEBUG 10776 --- [UserProfileAPI] [http-nio-8989-exec-6] s.w.a.DelegatingAuthenticationEntryPoint : Trying to match using And [Not [RequestHeaderRequestMatcher [expectedHeaderName=X-Requested-With, expectedHeaderValue=XMLHttpRequest]], MediaTypeRequestMatcher [contentNegotiationStrategy=org.springframework.web.accept.ContentNegotiationManager@7113d949, matchingMediaTypes=[application/xhtml+xml, image/*, text/html, text/plain], useEquals=false, ignoredMediaTypes=[*/*]]]
2025-11-18T16:48:07.340-05:00 DEBUG 10776 --- [UserProfileAPI] [http-nio-8989-exec-6] s.w.a.DelegatingAuthenticationEntryPoint : Match found! Executing org.springframework.security.web.authentication.LoginUrlAuthenticationEntryPoint@42ae82db
2025-11-18T16:48:07.340-05:00 DEBUG 10776 --- [UserProfileAPI] [http-nio-8989-exec-6] o.s.s.web.DefaultRedirectStrategy        : Redirecting to http://localhost:8989/login
2025-11-18T16:48:07.381-05:00 DEBUG 10776 --- [UserProfileAPI] [http-nio-8989-exec-3] o.s.security.web.FilterChainProxy        : Securing GET /login
2025-11-18T16:48:07.423-05:00 DEBUG 10776 --- [UserProfileAPI] [http-nio-8989-exec-8] o.s.security.web.FilterChainProxy        : Securing GET /default-ui.css
2025-11-18T16:48:29.874-05:00 DEBUG 10776 --- [UserProfileAPI] [http-nio-8989-exec-4] o.s.security.web.FilterChainProxy        : Securing POST /users
2025-11-18T16:48:29.878-05:00 DEBUG 10776 --- [UserProfileAPI] [http-nio-8989-exec-4] o.s.security.web.csrf.CsrfFilter         : Invalid CSRF token found for http://localhost:8989/users
2025-11-18T16:48:29.880-05:00 DEBUG 10776 --- [UserProfileAPI] [http-nio-8989-exec-4] o.s.s.w.access.AccessDeniedHandlerImpl   : Responding with 403 status code
2025-11-18T16:48:29.900-05:00 DEBUG 10776 --- [UserProfileAPI] [http-nio-8989-exec-4] o.s.security.web.FilterChainProxy        : Securing POST /error
2025-11-18T16:48:29.903-05:00 DEBUG 10776 --- [UserProfileAPI] [http-nio-8989-exec-4] o.s.s.w.a.AnonymousAuthenticationFilter  : Set SecurityContextHolder to anonymous SecurityContext
2025-11-18T16:48:29.907-05:00 DEBUG 10776 --- [UserProfileAPI] [http-nio-8989-exec-4] s.w.a.DelegatingAuthenticationEntryPoint : Trying to match using And [Not [RequestHeaderRequestMatcher [expectedHeaderName=X-Requested-With, expectedHeaderValue=XMLHttpRequest]], MediaTypeRequestMatcher [contentNegotiationStrategy=org.springframework.web.accept.ContentNegotiationManager@7113d949, matchingMediaTypes=[application/xhtml+xml, image/*, text/html, text/plain], useEquals=false, ignoredMediaTypes=[*/*]]]
2025-11-18T16:48:29.909-05:00 DEBUG 10776 --- [UserProfileAPI] [http-nio-8989-exec-4] s.w.a.DelegatingAuthenticationEntryPoint : Trying to match using Or [RequestHeaderRequestMatcher [expectedHeaderName=X-Requested-With, expectedHeaderValue=XMLHttpRequest], And [Not [MediaTypeRequestMatcher [contentNegotiationStrategy=org.springframework.web.accept.ContentNegotiationManager@7113d949, matchingMediaTypes=[text/html], useEquals=false, ignoredMediaTypes=[]]], MediaTypeRequestMatcher [contentNegotiationStrategy=org.springframework.web.accept.ContentNegotiationManager@7113d949, matchingMediaTypes=[application/atom+xml, application/x-www-form-urlencoded, application/json, application/octet-stream, application/xml, multipart/form-data, text/xml], useEquals=false, ignoredMediaTypes=[*/*]]], MediaTypeRequestMatcher [contentNegotiationStrategy=org.springframework.web.accept.ContentNegotiationManager@7113d949, matchingMediaTypes=[*/*], useEquals=true, ignoredMediaTypes=[]]]
2025-11-18T16:48:29.910-05:00 DEBUG 10776 --- [UserProfileAPI] [http-nio-8989-exec-4] s.w.a.DelegatingAuthenticationEntryPoint : Match found! Executing org.springframework.security.web.authentication.DelegatingAuthenticationEntryPoint@21c1446f
2025-11-18T16:48:29.910-05:00 DEBUG 10776 --- [UserProfileAPI] [http-nio-8989-exec-4] s.w.a.DelegatingAuthenticationEntryPoint : Trying to match using RequestHeaderRequestMatcher [expectedHeaderName=X-Requested-With, expectedHeaderValue=XMLHttpRequest]
2025-11-18T16:48:29.910-05:00 DEBUG 10776 --- [UserProfileAPI] [http-nio-8989-exec-4] s.w.a.DelegatingAuthenticationEntryPoint : No match found. Using default entry point org.springframework.security.web.authentication.www.BasicAuthenticationEntryPoint@47d45d3a
2025-11-18T17:45:48.927-05:00  WARN 10776 --- [UserProfileAPI] [HikariPool-1:housekeeper] com.zaxxer.hikari.pool.HikariPool        : HikariPool-1 - Thread starvation or clock leap detected (housekeeper delta=53s803ms398µs800ns).
2025-11-18T19:24:53.151-05:00  INFO 10776 --- [UserProfileAPI] [SpringApplicationShutdownHook] o.s.b.w.e.tomcat.GracefulShutdown        : Commencing graceful shutdown. Waiting for active requests to complete
2025-11-18T19:24:53.186-05:00  INFO 10776 --- [UserProfileAPI] [tomcat-shutdown] o.s.b.w.e.tomcat.GracefulShutdown        : Graceful shutdown complete
2025-11-18T19:24:53.211-05:00  INFO 10776 --- [UserProfileAPI] [SpringApplicationShutdownHook] j.LocalContainerEntityManagerFactoryBean : Closing JPA EntityManagerFactory for persistence unit 'default'
2025-11-18T19:24:53.230-05:00  INFO 10776 --- [UserProfileAPI] [SpringApplicationShutdownHook] com.zaxxer.hikari.HikariDataSource       : HikariPool-1 - Shutdown initiated...
2025-11-18T19:24:53.243-05:00  INFO 10776 --- [UserProfileAPI] [SpringApplicationShutdownHook] com.zaxxer.hikari.HikariDataSource       : HikariPool-1 - Shutdown completed.
